Crashlog created at 2013-05-30 18:55:38 -0300

===== MESSAGE:

Sass::SyntaxError: Invalid CSS after ".pln": expected selector, was "{color:#000;}@m..."

===== COMPILATION STACK:

  - [item]   /assets/stylesheets/prettifysheet/ (rep default)

===== STACK TRACE:

  0. content/assets/stylesheets/prettifysheet.css:1
  1. /home/guillermo/.rvm/gems/ruby-2.0.0-rc1@nanoc/gems/sass-3.2.9/lib/sass/scss/parser.rb:1146:in `expected'
  2. /home/guillermo/.rvm/gems/ruby-2.0.0-rc1@nanoc/gems/sass-3.2.9/lib/sass/scss/parser.rb:1084:in `expected'
  3. /home/guillermo/.rvm/gems/ruby-2.0.0-rc1@nanoc/gems/sass-3.2.9/lib/sass/scss/static_parser.rb:21:in `parse_selector'
  4. /home/guillermo/.rvm/gems/ruby-2.0.0-rc1@nanoc/gems/sass-3.2.9/lib/sass/tree/visitors/perform.rb:314:in `visit_rule'
  5. /home/guillermo/.rvm/gems/ruby-2.0.0-rc1@nanoc/gems/sass-3.2.9/lib/sass/tree/visitors/base.rb:37:in `visit'
  6. /home/guillermo/.rvm/gems/ruby-2.0.0-rc1@nanoc/gems/sass-3.2.9/lib/sass/tree/visitors/perform.rb:100:in `visit'
  7. /home/guillermo/.rvm/gems/ruby-2.0.0-rc1@nanoc/gems/sass-3.2.9/lib/sass/tree/visitors/base.rb:53:in `block in visit_children'
  8. /home/guillermo/.rvm/gems/ruby-2.0.0-rc1@nanoc/gems/sass-3.2.9/lib/sass/tree/visitors/base.rb:53:in `map'
  9. /home/guillermo/.rvm/gems/ruby-2.0.0-rc1@nanoc/gems/sass-3.2.9/lib/sass/tree/visitors/base.rb:53:in `visit_children'
  10. /home/guillermo/.rvm/gems/ruby-2.0.0-rc1@nanoc/gems/sass-3.2.9/lib/sass/tree/visitors/perform.rb:109:in `block in visit_children'
  11. /home/guillermo/.rvm/gems/ruby-2.0.0-rc1@nanoc/gems/sass-3.2.9/lib/sass/tree/visitors/perform.rb:121:in `with_environment'
  12. /home/guillermo/.rvm/gems/ruby-2.0.0-rc1@nanoc/gems/sass-3.2.9/lib/sass/tree/visitors/perform.rb:108:in `visit_children'
  13. /home/guillermo/.rvm/gems/ruby-2.0.0-rc1@nanoc/gems/sass-3.2.9/lib/sass/tree/visitors/base.rb:37:in `block in visit'
  14. /home/guillermo/.rvm/gems/ruby-2.0.0-rc1@nanoc/gems/sass-3.2.9/lib/sass/tree/visitors/perform.rb:128:in `visit_root'
  15. /home/guillermo/.rvm/gems/ruby-2.0.0-rc1@nanoc/gems/sass-3.2.9/lib/sass/tree/visitors/base.rb:37:in `visit'
  16. /home/guillermo/.rvm/gems/ruby-2.0.0-rc1@nanoc/gems/sass-3.2.9/lib/sass/tree/visitors/perform.rb:100:in `visit'
  17. /home/guillermo/.rvm/gems/ruby-2.0.0-rc1@nanoc/gems/sass-3.2.9/lib/sass/tree/visitors/perform.rb:7:in `visit'
  18. /home/guillermo/.rvm/gems/ruby-2.0.0-rc1@nanoc/gems/sass-3.2.9/lib/sass/tree/root_node.rb:20:in `render'
  19. /home/guillermo/.rvm/gems/ruby-2.0.0-rc1@nanoc/gems/sass-3.2.9/lib/sass/engine.rb:315:in `_render'
  20. /home/guillermo/.rvm/gems/ruby-2.0.0-rc1@nanoc/gems/sass-3.2.9/lib/sass/engine.rb:262:in `render'
  21. /home/guillermo/.rvm/gems/ruby-2.0.0-rc1@nanoc/gems/nanoc-3.6.3/lib/nanoc/filters/sass.rb:40:in `run'
  22. /home/guillermo/.rvm/gems/ruby-2.0.0-rc1@nanoc/gems/nanoc-3.6.3/lib/nanoc/base/compilation/filter.rb:122:in `setup_and_run'
  23. /home/guillermo/.rvm/gems/ruby-2.0.0-rc1@nanoc/gems/nanoc-3.6.3/lib/nanoc/base/result_data/item_rep.rb:344:in `filter'
  24. /home/guillermo/.rvm/gems/ruby-2.0.0-rc1@nanoc/gems/nanoc-3.6.3/lib/nanoc/base/compilation/item_rep_proxy.rb:47:in `filter'
  25. /home/guillermo/.rvm/gems/ruby-2.0.0-rc1@nanoc/gems/nanoc-3.6.3/lib/nanoc/base/compilation/rule_context.rb:55:in `filter'
  26. ./Rules:23:in `block in load'
  27. /home/guillermo/.rvm/gems/ruby-2.0.0-rc1@nanoc/gems/nanoc-3.6.3/lib/nanoc/base/compilation/rule.rb:68:in `instance_eval'
  28. /home/guillermo/.rvm/gems/ruby-2.0.0-rc1@nanoc/gems/nanoc-3.6.3/lib/nanoc/base/compilation/rule.rb:68:in `apply_to'
  29. /home/guillermo/.rvm/gems/ruby-2.0.0-rc1@nanoc/gems/nanoc-3.6.3/lib/nanoc/base/compilation/compiler.rb:383:in `compile_rep'
  30. /home/guillermo/.rvm/gems/ruby-2.0.0-rc1@nanoc/gems/nanoc-3.6.3/lib/nanoc/base/compilation/compiler.rb:339:in `block in compile_reps'
  31. /home/guillermo/.rvm/gems/ruby-2.0.0-rc1@nanoc/gems/nanoc-3.6.3/lib/nanoc/base/compilation/compiler.rb:332:in `loop'
  32. /home/guillermo/.rvm/gems/ruby-2.0.0-rc1@nanoc/gems/nanoc-3.6.3/lib/nanoc/base/compilation/compiler.rb:332:in `compile_reps'
  33. /home/guillermo/.rvm/gems/ruby-2.0.0-rc1@nanoc/gems/nanoc-3.6.3/lib/nanoc/base/compilation/compiler.rb:89:in `run'
  34. /home/guillermo/.rvm/gems/ruby-2.0.0-rc1@nanoc/gems/nanoc-3.6.3/lib/nanoc/base/source_data/site.rb:58:in `compile'
  35. /home/guillermo/.rvm/gems/ruby-2.0.0-rc1@nanoc/gems/nanoc-3.6.3/lib/nanoc/cli/commands/compile.rb:363:in `block in run'
  36. /home/guillermo/.rvm/gems/ruby-2.0.0-rc1@nanoc/gems/nanoc-3.6.3/lib/nanoc/cli/commands/compile.rb:404:in `run_listeners_while'
  37. /home/guillermo/.rvm/gems/ruby-2.0.0-rc1@nanoc/gems/nanoc-3.6.3/lib/nanoc/cli/commands/compile.rb:362:in `run'
  38. /home/guillermo/.rvm/gems/ruby-2.0.0-rc1@nanoc/gems/nanoc-3.6.3/lib/nanoc/cli/command_runner.rb:14:in `block in call'
  39. /home/guillermo/.rvm/gems/ruby-2.0.0-rc1@nanoc/gems/nanoc-3.6.3/lib/nanoc/cli/error_handler.rb:70:in `handle_while'
  40. /home/guillermo/.rvm/gems/ruby-2.0.0-rc1@nanoc/gems/nanoc-3.6.3/lib/nanoc/cli/error_handler.rb:26:in `handle_while'
  41. /home/guillermo/.rvm/gems/ruby-2.0.0-rc1@nanoc/gems/nanoc-3.6.3/lib/nanoc/cli/command_runner.rb:13:in `call'
  42. /home/guillermo/.rvm/gems/ruby-2.0.0-rc1@nanoc/gems/cri-2.3.0/lib/cri/command_dsl.rb:185:in `block in runner'
  43. /home/guillermo/.rvm/gems/ruby-2.0.0-rc1@nanoc/gems/cri-2.3.0/lib/cri/command.rb:296:in `call'
  44. /home/guillermo/.rvm/gems/ruby-2.0.0-rc1@nanoc/gems/cri-2.3.0/lib/cri/command.rb:296:in `run_this'
  45. /home/guillermo/.rvm/gems/ruby-2.0.0-rc1@nanoc/gems/cri-2.3.0/lib/cri/command.rb:249:in `run'
  46. /home/guillermo/.rvm/gems/ruby-2.0.0-rc1@nanoc/gems/nanoc-3.6.3/lib/nanoc/cli/commands/nanoc.rb:39:in `block in define'
  47. /home/guillermo/.rvm/gems/ruby-2.0.0-rc1@nanoc/gems/cri-2.3.0/lib/cri/command.rb:296:in `call'
  48. /home/guillermo/.rvm/gems/ruby-2.0.0-rc1@nanoc/gems/cri-2.3.0/lib/cri/command.rb:296:in `run_this'
  49. /home/guillermo/.rvm/gems/ruby-2.0.0-rc1@nanoc/gems/cri-2.3.0/lib/cri/command.rb:249:in `run'
  50. /home/guillermo/.rvm/gems/ruby-2.0.0-rc1@nanoc/gems/nanoc-3.6.3/lib/nanoc/cli.rb:52:in `block in run'
  51. /home/guillermo/.rvm/gems/ruby-2.0.0-rc1@nanoc/gems/nanoc-3.6.3/lib/nanoc/cli/error_handler.rb:70:in `handle_while'
  52. /home/guillermo/.rvm/gems/ruby-2.0.0-rc1@nanoc/gems/nanoc-3.6.3/lib/nanoc/cli/error_handler.rb:26:in `handle_while'
  53. /home/guillermo/.rvm/gems/ruby-2.0.0-rc1@nanoc/gems/nanoc-3.6.3/lib/nanoc/cli.rb:50:in `run'
  54. /home/guillermo/.rvm/gems/ruby-2.0.0-rc1@nanoc/gems/nanoc-3.6.3/bin/nanoc:19:in `<top (required)>'
  55. /home/guillermo/.rvm/gems/ruby-2.0.0-rc1@nanoc/bin/nanoc:23:in `load'
  56. /home/guillermo/.rvm/gems/ruby-2.0.0-rc1@nanoc/bin/nanoc:23:in `<main>'
  57. /home/guillermo/.rvm/gems/ruby-2.0.0-rc1@nanoc/bin/ruby_noexec_wrapper:14:in `eval'
  ... 60 more lines omitted. See full crash log for details.

===== VERSION INFORMATION:

nanoc 3.6.3 © 2007-2013 Denis Defreyne.
Running ruby 2.0.0 (2013-01-07) on i686-linux with RubyGems 2.0.0.

===== SYSTEM INFORMATION:

Linux archbang 3.9.4-1-ARCH #1 SMP PREEMPT Sun May 26 11:56:48 CEST 2013 i686 GNU/Linux

===== INSTALLED GEMS:

  adsf 1.1.1
  bundler 1.3.4
  chunky_png 1.2.8
  coderay 1.0.9
  coffee-script 2.2.0
  coffee-script-source 1.6.2
  colored 1.2
  compass 0.12.2
  cri 2.3.0
  execjs 1.4.0
  fssm 0.2.10
  json 1.8.0
  kramdown 1.0.2
  method_source 0.8.1
  mime-types 1.22
  multi_json 1.7.3
  nanoc 3.6.3
  pry 0.9.12.2
  rack 1.5.2
  sass 3.2.9
  slop 3.4.5

===== ENVIRONMENT:

BROWSER => "firefox"
BUNDLE_BIN_PATH => "/home/guillermo/.rvm/gems/ruby-2.0.0-rc1@global/gems/bundler-1.3.4/bin/bundle"
BUNDLE_GEMFILE => "/home/guillermo/web_dev/nanoc/ggalizzi_blog/Gemfile"
DBUS_SESSION_BUS_ADDRESS => "unix:abstract=/tmp/dbus-f0tdGZ7sbU,guid=9dad95fc412e0c5426f28a1f51a75694"
DE => "openbox"
DERBY_HOME => "/opt/java/db"
DISPLAY => ":0.0"
EDITOR => "gvim"
GEM_HOME => "/home/guillermo/.rvm/gems/ruby-2.0.0-rc1@nanoc"
GEM_PATH => "/home/guillermo/.rvm/gems/ruby-2.0.0-rc1@nanoc:/home/guillermo/.rvm/gems/ruby-2.0.0-rc1@global"
GNOME_KEYRING_CONTROL => "/run/user/1000/keyring-lU8T6m"
GNOME_KEYRING_PID => "325"
HOME => "/home/guillermo"
IRBRC => "/home/guillermo/.rvm/rubies/ruby-2.0.0-rc1/.irbrc"
J2REDIR => "/opt/java/jre"
J2SDKDIR => "/opt/java"
JAVA_HOME => "/opt/java"
LANG => "en_US.UTF-8"
LC_COLLATE => "C"
LOGNAME => "guillermo"
MAIL => "/var/mail/guillermo"
MANPATH => "/home/guillermo/.rvm/gems/ruby-2.0.0-rc1@nanoc/gems/kramdown-1.0.2/man"
MOZ_PLUGIN_PATH => "/usr/lib/mozilla/plugins"
MY_RUBY_HOME => "/home/guillermo/.rvm/rubies/ruby-2.0.0-rc1"
OLDPWD => "/home/guillermo/web_dev/nanoc/ggalizzi_blog/output"
PATH => "/home/guillermo/.rvm/gems/ruby-2.0.0-rc1@nanoc/bin:/home/guillermo/.rvm/gems/ruby-2.0.0-rc1@global/bin:/home/guillermo/.rvm/rubies/ruby-2.0.0-rc1/bin:/home/guillermo/.rvm/bin:/usr/local/bin:/usr/bin:/bin:/usr/local/sbin:/usr/sbin:/sbin:/opt/java/bin:/opt/java/db/bin:/opt/java/jre/bin:/usr/bin/core_perl"
PWD => "/home/guillermo/web_dev/nanoc/ggalizzi_blog"
RUBYOPT => "-I/home/guillermo/.rvm/gems/ruby-2.0.0-rc1@global/gems/bundler-1.3.4/lib -rbundler/setup"
RUBY_VERSION => "ruby-2.0.0-rc1"
SHELL => "/bin/bash"
SHLVL => "1"
TERM => "xterm-256color"
USER => "guillermo"
XAUTHORITY => "/home/guillermo/.Xauthority"
XDG_RUNTIME_DIR => "/run/user/1000"
XDG_SEAT => "seat0"
XDG_SESSION_ID => "1"
XDG_VTNR => "7"
_ => "/home/guillermo/.rvm/gems/ruby-2.0.0-rc1@nanoc/bin/nanoc"
_ORIGINAL_GEM_PATH => "/home/guillermo/.rvm/gems/ruby-2.0.0-rc1@nanoc:/home/guillermo/.rvm/gems/ruby-2.0.0-rc1@global"
rvm_bin_path => "/home/guillermo/.rvm/bin"
rvm_path => "/home/guillermo/.rvm"
rvm_prefix => "/home/guillermo"
rvm_version => "1.20.11 (stable)"

===== GEMFILE.LOCK:

GEM
  remote: http://rubygems.org/
  specs:
    adsf (1.1.1)
      rack (>= 1.0.0)
    chunky_png (1.2.8)
    coderay (1.0.9)
    coffee-script (2.2.0)
      coffee-script-source
      execjs
    coffee-script-source (1.6.2)
    colored (1.2)
    compass (0.12.2)
      chunky_png (~> 1.2)
      fssm (>= 0.2.7)
      sass (~> 3.1)
    cri (2.3.0)
      colored (>= 1.2)
    execjs (1.4.0)
      multi_json (~> 1.0)
    fssm (0.2.10)
    json (1.8.0)
    kramdown (1.0.2)
    method_source (0.8.1)
    mime-types (1.22)
    multi_json (1.7.3)
    nanoc (3.6.3)
      cri (~> 2.3)
    pry (0.9.12.2)
      coderay (~> 1.0.5)
      method_source (~> 0.8)
      slop (~> 3.4)
    rack (1.5.2)
    sass (3.2.9)
    slop (3.4.5)

PLATFORMS
  ruby

DEPENDENCIES
  adsf
  coffee-script
  compass
  json
  kramdown
  mime-types
  nanoc
  pry
  sass

===== LOAD PATHS:

  0. /home/guillermo/.rvm/gems/ruby-2.0.0-rc1@nanoc/gems/nanoc-3.6.3/lib
  1. /home/guillermo/.rvm/gems/ruby-2.0.0-rc1@nanoc/gems/pry-0.9.12.2/lib
  2. /home/guillermo/.rvm/gems/ruby-2.0.0-rc1@nanoc/gems/slop-3.4.5/lib
  3. /home/guillermo/.rvm/gems/ruby-2.0.0-rc1@nanoc/gems/nanoc-3.6.3/lib
  4. /home/guillermo/.rvm/gems/ruby-2.0.0-rc1@nanoc/gems/mime-types-1.22/lib
  5. /home/guillermo/.rvm/gems/ruby-2.0.0-rc1@nanoc/gems/method_source-0.8.1/lib
  6. /home/guillermo/.rvm/gems/ruby-2.0.0-rc1@nanoc/gems/kramdown-1.0.2/lib
  7. /home/guillermo/.rvm/gems/ruby-2.0.0-rc1@global/gems/json-1.8.0/lib
  8. /home/guillermo/.rvm/gems/ruby-2.0.0-rc1@nanoc/gems/cri-2.3.0/lib
  9. /home/guillermo/.rvm/gems/ruby-2.0.0-rc1@nanoc/gems/compass-0.12.2/lib
  10. /home/guillermo/.rvm/gems/ruby-2.0.0-rc1@nanoc/gems/sass-3.2.9/lib
  11. /home/guillermo/.rvm/gems/ruby-2.0.0-rc1@nanoc/gems/fssm-0.2.10/lib
  12. /home/guillermo/.rvm/gems/ruby-2.0.0-rc1@nanoc/gems/colored-1.2/lib
  13. /home/guillermo/.rvm/gems/ruby-2.0.0-rc1@nanoc/gems/coffee-script-2.2.0/lib
  14. /home/guillermo/.rvm/gems/ruby-2.0.0-rc1@nanoc/gems/execjs-1.4.0/lib
  15. /home/guillermo/.rvm/gems/ruby-2.0.0-rc1@global/gems/multi_json-1.7.3/lib
  16. /home/guillermo/.rvm/gems/ruby-2.0.0-rc1@nanoc/gems/coffee-script-source-1.6.2/lib
  17. /home/guillermo/.rvm/gems/ruby-2.0.0-rc1@nanoc/gems/coderay-1.0.9/lib
  18. /home/guillermo/.rvm/gems/ruby-2.0.0-rc1@nanoc/gems/chunky_png-1.2.8/lib
  19. /home/guillermo/.rvm/gems/ruby-2.0.0-rc1@nanoc/gems/adsf-1.1.1/lib
  20. /home/guillermo/.rvm/gems/ruby-2.0.0-rc1@nanoc/gems/rack-1.5.2/lib
  21. /home/guillermo/.rvm/gems/ruby-2.0.0-rc1@global/gems/bundler-1.3.4/lib
  22. /home/guillermo/.rvm/rubies/ruby-2.0.0-rc1/lib/ruby/site_ruby/2.0.0
  23. /home/guillermo/.rvm/rubies/ruby-2.0.0-rc1/lib/ruby/site_ruby/2.0.0/i686-linux
  24. /home/guillermo/.rvm/rubies/ruby-2.0.0-rc1/lib/ruby/site_ruby
  25. /home/guillermo/.rvm/rubies/ruby-2.0.0-rc1/lib/ruby/vendor_ruby/2.0.0
  26. /home/guillermo/.rvm/rubies/ruby-2.0.0-rc1/lib/ruby/vendor_ruby/2.0.0/i686-linux
  27. /home/guillermo/.rvm/rubies/ruby-2.0.0-rc1/lib/ruby/vendor_ruby
  28. /home/guillermo/.rvm/rubies/ruby-2.0.0-rc1/lib/ruby/2.0.0
  29. /home/guillermo/.rvm/rubies/ruby-2.0.0-rc1/lib/ruby/2.0.0/i686-linux
